International Allegro CL Enterprise Edition
10.1 [64-bit Linux (x86-64) *SMP*] (May 15, 2018 2:40)
Copyright (C) 1985-2017, Franz Inc., Oakland, CA, USA.  All Rights Reserved.

This dynamic runtime copy of Allegro CL was built by:
   [TC21720] SRI International

;; Optimization settings: safety 1, space 1, speed 3, debug 1.
;; For a complete description of all compiler switches given the
;; current optimization settings evaluate (explain-compiler-settings).
;;---
;; Current reader case mode: :case-sensitive-lower

*** 
*** F__CLK_GET_FLAGS_FFFFFF8008151A58 (11:30:16 5/16/2019)
*** Generated by proveit - ProofLite-6.0.10 (xx/xx/xx)
*** 
Context changed to ~/Desktop/pvs-alegro/pvs-7.0.639/Renee/RSL/presentation/mostimportantfilesforthisweek/rsl/
Restored theory from /home/ssrgv/Desktop/pvs-alegro/pvs-7.0.639/Renee/RSL/presentation/mostimportantfilesforthisweek/rsl/pvsbin/bt.bin in 0.02s (load part took 0.01s)
Restored theory from /home/ssrgv/Desktop/pvs-alegro/pvs-7.0.639/Renee/RSL/presentation/mostimportantfilesforthisweek/rsl/pvsbin/bts.bin in 0.02s (load part took 0.01s)
Restored theory from /home/ssrgv/Desktop/pvs-alegro/pvs-7.0.639/Renee/RSL/presentation/mostimportantfilesforthisweek/rsl/pvsbin/arm_state.bin in 0.05s (load part took 0.02s)
Restored theory from /home/ssrgv/Desktop/pvs-alegro/pvs-7.0.639/Renee/RSL/presentation/mostimportantfilesforthisweek/rsl/pvsbin/cbz.bin in 0.07s (load part took 0.00s)
Restored theory from /home/ssrgv/Desktop/pvs-alegro/pvs-7.0.639/Renee/RSL/presentation/mostimportantfilesforthisweek/rsl/pvsbin/F__CLK_GET_FLAGS_FFFFFF8008151A58.bin in 0.08s (load part took 0.01s)
Installing proof scripts [Theory: F__CLK_GET_FLAGS_FFFFFF8008151A58]
Renamed F__CLK_GET_FLAGS_FFFFFF8008151A58.prf to F__CLK_GET_FLAGS_FFFFFF8008151A58.prf~
Wrote proof file F__CLK_GET_FLAGS_FFFFFF8008151A58.prf
Proof script cbz_0_TCC1 was installed
Renamed F__CLK_GET_FLAGS_FFFFFF8008151A58.prf to F__CLK_GET_FLAGS_FFFFFF8008151A58.prf~
Wrote proof file F__CLK_GET_FLAGS_FFFFFF8008151A58.prf
Proof script cbz_0_TCC2 was installed
Renamed F__CLK_GET_FLAGS_FFFFFF8008151A58.prf to F__CLK_GET_FLAGS_FFFFFF8008151A58.prf~
Wrote proof file F__CLK_GET_FLAGS_FFFFFF8008151A58.prf
Proof script cbz_0_TCC3 was installed
Defining b_cond. 
Defining b_cond$. 
Defining b_uncond. 
Defining b_uncond$. 
Defining b_uncond_bi. 
Defining b_uncond_bi$. 
Defining bl_uncond. 
Defining bl_uncond$. 
Defining b_uncond_TCC3. 
Defining b_uncond_TCC3$. 
Defining addsub-imm. 
Defining addsub-imm$. 
Defining test-subs-addsub-shift. 
Defining test-subs-addsub-shift$. 
Defining test-subs-addsub-shift-1. 
Defining test-subs-addsub-shift-1$. 
Defining subs_addsub_shift_ALS_TCC2. 
Defining subs_addsub_shift_ALS_TCC2$. 
Defining opcode_TCC2. 
Defining opcode_TCC2$. 
Defining movk. 
Defining movk$. 
Defining movewide. 
Defining movewide$. 
Defining adds-addsub-imm. 
Defining adds-addsub-imm$. 
Defining DecodeRegExtend_TCC8. 
Defining DecodeRegExtend_TCC8$. 
Defining UInt_bound. 
Defining UInt_bound$. 
Defining branch_typ_TCC3. 
Defining branch_typ_TCC3$. 
Defining 2_d_6. 
Defining 2_d_6$. 
Defining Log-Shift. 
Defining Log-Shift$. 
Defining log-shift-expand. 
Defining log-shift-expand$. 
Defining log-shift-NZCV. 
Defining log-shift-NZCV$. 
Defining log-shift-result. 
Defining log-shift-result$. 
Defining log-shift. 
Defining log-shift$. 
Defining log-shift-disj-TCC4. 
Defining log-shift-disj-TCC4$. 
Defining pc-related-addr. 
Defining pc-related-addr$. 
Defining exp1-str-imm-gen. 
Defining exp1-str-imm-gen$. 
Defining eval-exp-UInt. 
Defining eval-exp-UInt$. 
Defining eval-u1. 
Defining eval-u1$. 
Defining str-imm-gen. 
Defining str-imm-gen$. 
Proving theory F__CLK_GET_FLAGS_FFFFFF8008151A58
Rerunning proof of F__CLK_GET_FLAGS_FFFFFF8008151A58.cbz_0_TCC1
IN pvs2cl-lisp-function: compile _exp2,
                                                                  args = (n),
                                                                  long-list: nil

F__CLK_GET_FLAGS_FFFFFF8008151A58.cbz_0_TCC1 proved in 0.03 real, 0.03 cpu seconds
Rerunning proof of F__CLK_GET_FLAGS_FFFFFF8008151A58.cbz_0_TCC2
F__CLK_GET_FLAGS_FFFFFF8008151A58.cbz_0_TCC2 proved in 0.00 real, 0.00 cpu seconds
Rerunning proof of F__CLK_GET_FLAGS_FFFFFF8008151A58.cbz_0_TCC3
F__CLK_GET_FLAGS_FFFFFF8008151A58.cbz_0_TCC3 proved in 0.00 real, 0.00 cpu seconds


 Proof summary for theory F__CLK_GET_FLAGS_FFFFFF8008151A58
    cbz_0_TCC1............................proved - complete   [shostak](0.03 s)
    cbz_0_TCC2............................proved - complete   [shostak](0.00 s)
    cbz_0_TCC3............................proved - complete   [shostak](0.00 s)
    Theory totals: 3 formulas, 3 attempted, 3 succeeded (0.04 s)

Grand Totals: 3 proofs, 3 attempted, 3 succeeded (0.04 s)
Context file /home/ssrgv/Desktop/pvs-alegro/pvs-7.0.639/Renee/RSL/presentation/mostimportantfilesforthisweek/rsl/.pvscontext written