International Allegro CL Enterprise Edition
10.1 [64-bit Linux (x86-64) *SMP*] (May 15, 2018 2:40)
Copyright (C) 1985-2017, Franz Inc., Oakland, CA, USA.  All Rights Reserved.

This dynamic runtime copy of Allegro CL was built by:
   [TC21720] SRI International

;; Optimization settings: safety 1, space 1, speed 3, debug 1.
;; For a complete description of all compiler switches given the
;; current optimization settings evaluate (explain-compiler-settings).
;;---
;; Current reader case mode: :case-sensitive-lower

*** 
*** OPERATORNEW_UNSIGNEDLONG_VOID_FFFFFFFF000A6A60 (9:40:37 5/16/2019)
*** Generated by proveit - ProofLite-6.0.10 (xx/xx/xx)
*** 
Context changed to ~/Desktop/pvs-alegro/pvs-7.0.639/Renee/RSL/presentation/mostimportantfilesforthisweek/rsl/
Parsing OPERATORNEW_UNSIGNEDLONG_VOID_FFFFFFFF000A6A60
OPERATORNEW_UNSIGNEDLONG_VOID_FFFFFFFF000A6A60 parsed in 0.00 seconds
Typechecking OPERATORNEW_UNSIGNEDLONG_VOID_FFFFFFFF000A6A60
Restored theory from /home/ssrgv/Desktop/pvs-alegro/pvs-7.0.639/Renee/RSL/presentation/mostimportantfilesforthisweek/rsl/pvsbin/arm_state.bin in 0.06s (load part took 0.03s)
Restored theory from /home/ssrgv/Desktop/pvs-alegro/pvs-7.0.639/lib/bitvectors/pvsbin/bv_concat.bin in 0.10s (load part took 0.02s)
Restored theory from /home/ssrgv/Desktop/pvs-alegro/pvs-7.0.639/lib/bitvectors/pvsbin/bv_rotate.bin in 0.06s (load part took 0.01s)
Restored theory from /home/ssrgv/Desktop/pvs-alegro/pvs-7.0.639/Renee/RSL/presentation/mostimportantfilesforthisweek/rsl/pvsbin/bt.bin in 0.00s (load part took 0.00s)
Restored theory from /home/ssrgv/Desktop/pvs-alegro/pvs-7.0.639/Renee/RSL/presentation/mostimportantfilesforthisweek/rsl/pvsbin/bts.bin in 0.01s (load part took 0.00s)
Restored theory from /home/ssrgv/Desktop/pvs-alegro/pvs-7.0.639/Renee/RSL/presentation/mostimportantfilesforthisweek/rsl/pvsbin/Zeros.bin in 0.00s (load part took 0.00s)
Restored theory from /home/ssrgv/Desktop/pvs-alegro/pvs-7.0.639/Renee/RSL/presentation/mostimportantfilesforthisweek/rsl/pvsbin/IsZeroBit.bin in 0.05s (load part took 0.00s)
Restored theory from /home/ssrgv/Desktop/pvs-alegro/pvs-7.0.639/Renee/RSL/presentation/mostimportantfilesforthisweek/rsl/pvsbin/field.bin in 0.01s (load part took 0.00s)
Restored theory from /home/ssrgv/Desktop/pvs-alegro/pvs-7.0.639/Renee/RSL/presentation/mostimportantfilesforthisweek/rsl/pvsbin/ZeroExtend.bin in 0.01s (load part took 0.00s)
Restored theory from /home/ssrgv/Desktop/pvs-alegro/pvs-7.0.639/Renee/RSL/presentation/mostimportantfilesforthisweek/rsl/pvsbin/LSR_C.bin in 0.07s (load part took 0.00s)
Restored theory from /home/ssrgv/Desktop/pvs-alegro/pvs-7.0.639/Renee/RSL/presentation/mostimportantfilesforthisweek/rsl/pvsbin/LSR.bin in 0.05s (load part took 0.00s)
Restored theory from /home/ssrgv/Desktop/pvs-alegro/pvs-7.0.639/Renee/RSL/presentation/mostimportantfilesforthisweek/rsl/pvsbin/LSL_C.bin in 0.06s (load part took 0.00s)
Restored theory from /home/ssrgv/Desktop/pvs-alegro/pvs-7.0.639/Renee/RSL/presentation/mostimportantfilesforthisweek/rsl/pvsbin/LSL.bin in 0.05s (load part took 0.00s)
Restored theory from /home/ssrgv/Desktop/pvs-alegro/pvs-7.0.639/Renee/RSL/presentation/mostimportantfilesforthisweek/rsl/pvsbin/ROR_C.bin in 0.06s (load part took 0.01s)
Restored theory from /home/ssrgv/Desktop/pvs-alegro/pvs-7.0.639/Renee/RSL/presentation/mostimportantfilesforthisweek/rsl/pvsbin/ROR.bin in 0.06s (load part took 0.00s)
Restored theory from /home/ssrgv/Desktop/pvs-alegro/pvs-7.0.639/Renee/RSL/presentation/mostimportantfilesforthisweek/rsl/pvsbin/SInt.bin in 0.01s (load part took 0.00s)
Restored theory from /home/ssrgv/Desktop/pvs-alegro/pvs-7.0.639/Renee/RSL/presentation/mostimportantfilesforthisweek/rsl/pvsbin/UInt.bin in 0.00s (load part took 0.00s)
Restored theory from /home/ssrgv/Desktop/pvs-alegro/pvs-7.0.639/Renee/RSL/presentation/mostimportantfilesforthisweek/rsl/pvsbin/Replicate.bin in 0.01s (load part took 0.00s)
Restored theory from /home/ssrgv/Desktop/pvs-alegro/pvs-7.0.639/Renee/RSL/presentation/mostimportantfilesforthisweek/rsl/pvsbin/SignExtend.bin in 0.06s (load part took 0.00s)
Restored theory from /home/ssrgv/Desktop/pvs-alegro/pvs-7.0.639/Renee/RSL/presentation/mostimportantfilesforthisweek/rsl/pvsbin/ASR_C.bin in 0.06s (load part took 0.00s)
Restored theory from /home/ssrgv/Desktop/pvs-alegro/pvs-7.0.639/Renee/RSL/presentation/mostimportantfilesforthisweek/rsl/pvsbin/ASR.bin in 0.05s (load part took 0.00s)
Restored theory from /home/ssrgv/Desktop/pvs-alegro/pvs-7.0.639/Renee/RSL/presentation/mostimportantfilesforthisweek/rsl/pvsbin/Basic_ASL_Types.bin in 0.22s (load part took 0.03s)
Restored theory from /home/ssrgv/Desktop/pvs-alegro/pvs-7.0.639/Renee/RSL/presentation/mostimportantfilesforthisweek/rsl/pvsbin/ShiftReg.bin in 0.07s (load part took 0.01s)
Restored theory from /home/ssrgv/Desktop/pvs-alegro/pvs-7.0.639/Renee/RSL/presentation/mostimportantfilesforthisweek/rsl/pvsbin/DecodeShift.bin in 0.05s (load part took 0.00s)
Restored theory from /home/ssrgv/Desktop/pvs-alegro/pvs-7.0.639/Renee/RSL/presentation/mostimportantfilesforthisweek/rsl/pvsbin/AuthIB.bin in 0.01s (load part took 0.01s)
Restored theory from /home/ssrgv/Desktop/pvs-alegro/pvs-7.0.639/Renee/RSL/presentation/mostimportantfilesforthisweek/rsl/pvsbin/AuthIA.bin in 0.00s (load part took 0.00s)
Restored theory from /home/ssrgv/Desktop/pvs-alegro/pvs-7.0.639/Renee/RSL/presentation/mostimportantfilesforthisweek/rsl/pvsbin/Basic_ASL_Function.bin in 0.06s (load part took 0.01s)
Restored theory from /home/ssrgv/Desktop/pvs-alegro/pvs-7.0.639/Renee/RSL/presentation/mostimportantfilesforthisweek/rsl/pvsbin/orr_log_shift.bin in 0.12s (load part took 0.02s)
Adding decl orr_log_shift_0.Diag
Adding decl orr_log_shift_0.addr
Adding decl orr_log_shift_0.diag
Adding decl orr_log_shift_0.D
Adding decl orr_log_shift_0.v
Adding decl orr_log_shift_0.d
Adding decl orr_log_shift_0.n
Adding decl orr_log_shift_0.m
Adding decl orr_log_shift_0.datasize
Adding decl orr_log_shift_0.ASL
Adding decl orr_log_shift_0.sts0
Adding decl orr_log_shift_0.sts1
Adding decl orr_log_shift_0.sts2
Adding decl orr_log_shift_0.shift_type
Adding decl orr_log_shift_0.shift_amount
Adding decl orr_log_shift_0.invert
Adding decl orr_log_shift_0.sts3
Adding decl orr_log_shift_0.sts4
Adding decl orr_log_shift_0.sts5
Adding decl orr_log_shift_0.sts6
Adding decl orr_log_shift_0.rslt
Adding decl orr_log_shift_0.p1
Adding decl orr_log_shift_0.post
Restored theory from /home/ssrgv/Desktop/pvs-alegro/pvs-7.0.639/lib/bitvectors/pvsbin/bv_arith_nat.bin in 0.11s (load part took 0.02s)
Restored theory from /home/ssrgv/Desktop/pvs-alegro/pvs-7.0.639/lib/bitvectors/pvsbin/bv_adder.bin in 0.07s (load part took 0.01s)
Restored theory from /home/ssrgv/Desktop/pvs-alegro/pvs-7.0.639/Renee/RSL/presentation/mostimportantfilesforthisweek/rsl/pvsbin/reverse.bin in 0.01s (load part took 0.00s)
Restored theory from /home/ssrgv/Desktop/pvs-alegro/pvs-7.0.639/Renee/RSL/presentation/mostimportantfilesforthisweek/rsl/pvsbin/AArch64_BranchAddr.bin in 0.06s (load part took 0.00s)
Restored theory from /home/ssrgv/Desktop/pvs-alegro/pvs-7.0.639/Renee/RSL/presentation/mostimportantfilesforthisweek/rsl/pvsbin/BranchTo.bin in 0.05s (load part took 0.00s)
Restored theory from /home/ssrgv/Desktop/pvs-alegro/pvs-7.0.639/Renee/RSL/presentation/mostimportantfilesforthisweek/rsl/pvsbin/ret.bin in 0.08s (load part took 0.02s)
Adding decl ret_1.Diag
Adding decl ret_1.addr
Adding decl ret_1.diag
Adding decl ret_1.D
Adding decl ret_1.v
Adding decl ret_1.branch_typ
Adding decl ret_1.ASL
Adding decl ret_1.sts0
Adding decl ret_1.sts1
Adding decl ret_1.post
OPERATORNEW_UNSIGNEDLONG_VOID_FFFFFFFF000A6A60 typechecked in 2.57s: 4 TCCs, 0 proved, 2 subsumed, 2 unproved
Saving bin file for theory OPERATORNEW_UNSIGNEDLONG_VOID_FFFFFFFF000A6A60
Saving OPERATORNEW_UNSIGNEDLONG_VOID_FFFFFFFF000A6A60
Context file /home/ssrgv/Desktop/pvs-alegro/pvs-7.0.639/Renee/RSL/presentation/mostimportantfilesforthisweek/rsl/.pvscontext written
Installing proof scripts [Theory: OPERATORNEW_UNSIGNEDLONG_VOID_FFFFFFFF000A6A60]
Renamed OPERATORNEW_UNSIGNEDLONG_VOID_FFFFFFFF000A6A60.prf to OPERATORNEW_UNSIGNEDLONG_VOID_FFFFFFFF000A6A60.prf~
Wrote proof file OPERATORNEW_UNSIGNEDLONG_VOID_FFFFFFFF000A6A60.prf
Proof script orr_log_shift_0_TCC1 was installed
Renamed OPERATORNEW_UNSIGNEDLONG_VOID_FFFFFFFF000A6A60.prf to OPERATORNEW_UNSIGNEDLONG_VOID_FFFFFFFF000A6A60.prf~
Wrote proof file OPERATORNEW_UNSIGNEDLONG_VOID_FFFFFFFF000A6A60.prf
Proof script ret_1_TCC1 was installed
Defining b_cond. 
Defining b_cond$. 
Defining b_uncond. 
Defining b_uncond$. 
Defining b_uncond_bi. 
Defining b_uncond_bi$. 
Defining bl_uncond. 
Defining bl_uncond$. 
Defining b_uncond_TCC3. 
Defining b_uncond_TCC3$. 
Defining addsub-imm. 
Defining addsub-imm$. 
Defining test-subs-addsub-shift. 
Defining test-subs-addsub-shift$. 
Defining test-subs-addsub-shift-1. 
Defining test-subs-addsub-shift-1$. 
Defining subs_addsub_shift_ALS_TCC2. 
Defining subs_addsub_shift_ALS_TCC2$. 
Defining opcode_TCC2. 
Defining opcode_TCC2$. 
Defining movk. 
Defining movk$. 
Defining movewide. 
Defining movewide$. 
Defining adds-addsub-imm. 
Defining adds-addsub-imm$. 
Defining DecodeRegExtend_TCC8. 
Defining DecodeRegExtend_TCC8$. 
Defining UInt_bound. 
Defining UInt_bound$. 
Defining branch_typ_TCC3. 
Defining branch_typ_TCC3$. 
Defining 2_d_6. 
Defining 2_d_6$. 
Defining Log-Shift. 
Defining Log-Shift$. 
Defining log-shift-expand. 
Defining log-shift-expand$. 
Defining log-shift-NZCV. 
Defining log-shift-NZCV$. 
Defining log-shift-result. 
Defining log-shift-result$. 
Defining log-shift. 
Defining log-shift$. 
Defining log-shift-disj-TCC4. 
Defining log-shift-disj-TCC4$. 
Defining pc-related-addr. 
Defining pc-related-addr$. 
Defining exp1-str-imm-gen. 
Defining exp1-str-imm-gen$. 
Defining eval-exp-UInt. 
Defining eval-exp-UInt$. 
Defining eval-u1. 
Defining eval-u1$. 
Defining str-imm-gen. 
Defining str-imm-gen$. 
Proving theory OPERATORNEW_UNSIGNEDLONG_VOID_FFFFFFFF000A6A60
Rerunning proof of OPERATORNEW_UNSIGNEDLONG_VOID_FFFFFFFF000A6A60.orr_log_shift_0_TCC1
IN pvs2cl-lisp-function: compile _exp2,
                                                                                         args = (n),
                                                                                         long-list: nil

OPERATORNEW_UNSIGNEDLONG_VOID_FFFFFFFF000A6A60.orr_log_shift_0_TCC1 proved in 0.03 real, 0.03 cpu seconds
Rerunning proof of OPERATORNEW_UNSIGNEDLONG_VOID_FFFFFFFF000A6A60.ret_1_TCC1
OPERATORNEW_UNSIGNEDLONG_VOID_FFFFFFFF000A6A60.ret_1_TCC1 proved in 0.00 real, 0.00 cpu seconds


 Proof summary for theory OPERATORNEW_UNSIGNEDLONG_VOID_FFFFFFFF000A6A60
    orr_log_shift_0_TCC1..................proved - complete   [shostak](0.03 s)
    ret_1_TCC1............................proved - complete   [shostak](0.00 s)
    Theory totals: 2 formulas, 2 attempted, 2 succeeded (0.03 s)

Grand Totals: 2 proofs, 2 attempted, 2 succeeded (0.03 s)
Context file /home/ssrgv/Desktop/pvs-alegro/pvs-7.0.639/Renee/RSL/presentation/mostimportantfilesforthisweek/rsl/.pvscontext written