; While compiling #'bv_concat_def__o at top level:
Warning: Variable n is never used.
; While compiling #'bv_concat_def!o at top level:
Warning: Variable n is never used.
; While compiling #'bv_concat_def_o at top level:
Warning: Variable n is never used.
; While compiling #'(:internal _Replicate 3) at top level:
Warning: Variable i is never used.
; While compiling #'(:internal _Replicate 2) at top level:
Warning: Variable i is never used.
; While compiling #'(:internal _Replicate 1) at top level:
Warning: Variable i is never used.
; While compiling #'(:internal _Replicate 0) at top level:
Warning: Variable i is never used.
; While compiling #'(:internal Replicate! 3) at top level:
Warning: Variable i is never used.
; While compiling #'(:internal Replicate! 2) at top level:
Warning: Variable i is never used.
; While compiling #'(:internal Replicate! 1) at top level:
Warning: Variable i is never used.
; While compiling #'(:internal Replicate! 0) at top level:
Warning: Variable i is never used.
; While compiling #'(:internal (:internal Replicate 0) 3) at top level:
Warning: Variable i is never used.
; While compiling #'(:internal (:internal Replicate 0) 2) at top level:
Warning: Variable i is never used.
; While compiling #'(:internal (:internal Replicate 0) 1) at top level:
Warning: Variable i is never used.
; While compiling #'(:internal (:internal Replicate 0) 0) at top level:
Warning: Variable i is never used.
