; While compiling #'_field_0 at top level:
Warning: Variable n2 is never used.
Warning: Variable n is never used.
; While compiling #'field!_0 at top level:
Warning: Variable n2 is never used.
Warning: Variable n is never used.
; While compiling #'(:internal field_0 0) at top level:
Warning: Variable n2 is never used.
Warning: Variable n is never used.
; While compiling #'bv_concat_def__o at top level:
Warning: Variable n is never used.
; While compiling #'bv_concat_def!o at top level:
Warning: Variable n is never used.
; While compiling #'bv_concat_def_o at top level:
Warning: Variable n is never used.
; While compiling #'_Zeros at top level:
Warning: Variable i is never used.
Warning: Variable n is never used.
; While compiling #'Zeros! at top level:
Warning: Variable i is never used.
Warning: Variable n is never used.
; While compiling #'(:internal Zeros 0) at top level:
Warning: Variable n is never used.
; While compiling #'(:internal (:internal Zeros 0) 0) at top level:
Warning: Variable i is never used.
