; While compiling #'_field at top level:
Warning: Variable n2 is never used.
Warning: Variable n is never used.
; While compiling #'field! at top level:
Warning: Variable n2 is never used.
Warning: Variable n is never used.
; While compiling #'(:internal field 0) at top level:
Warning: Variable n2 is never used.
Warning: Variable n is never used.
; While compiling #'bv_concat_def__o at top level:
Warning: Variable n is never used.
; While compiling #'bv_concat_def!o at top level:
Warning: Variable n is never used.
; While compiling #'bv_concat_def_o at top level:
Warning: Variable n is never used.
; While compiling #'_Zeros at top level:
Warning: Variable i is never used.
Warning: Variable n is never used.
; While compiling #'Zeros! at top level:
Warning: Variable i is never used.
Warning: Variable n is never used.
; While compiling #'(:internal Zeros 0) at top level:
Warning: Variable n is never used.
; While compiling #'(:internal (:internal Zeros 0) 0) at top level:
Warning: Variable i is never used.
; While compiling #'(:internal bv_arithmetic_defs__bv 0) at top level:
Warning: Variable i is never used.
; While compiling #'(:internal bv_arithmetic_defs!bv 0) at top level:
Warning: Variable i is never used.
; While compiling #'(:internal (:internal bv_arithmetic_defs_bv 0) 0)
at top level:
Warning: Variable i is never used.
