; While compiling #'bv__^ at top level:
Warning: Variable N is never used.
; While compiling #'bv!^ at top level:
Warning: Variable N is never used.
; While compiling #'bv_^ at top level:
Warning: Variable N is never used.
; While compiling #'(:internal _ZeroExtend_0 3) at top level:
Warning: Variable i is never used.
; While compiling #'(:internal _ZeroExtend_0 2) at top level:
Warning: Variable i is never used.
; While compiling #'(:internal _ZeroExtend_0 1) at top level:
Warning: Variable i is never used.
; While compiling #'(:internal _ZeroExtend_0 0) at top level:
Warning: Variable i is never used.
; While compiling #'(:internal ZeroExtend!_0 3) at top level:
Warning: Variable i is never used.
; While compiling #'(:internal ZeroExtend!_0 2) at top level:
Warning: Variable i is never used.
; While compiling #'(:internal ZeroExtend!_0 1) at top level:
Warning: Variable i is never used.
; While compiling #'(:internal ZeroExtend!_0 0) at top level:
Warning: Variable i is never used.
; While compiling #'(:internal (:internal ZeroExtend_0 0) 3) at top
level:
Warning: Variable i is never used.
; While compiling #'(:internal (:internal ZeroExtend_0 0) 2) at top
level:
Warning: Variable i is never used.
; While compiling #'(:internal (:internal ZeroExtend_0 0) 1) at top
level:
Warning: Variable i is never used.
; While compiling #'(:internal (:internal ZeroExtend_0 0) 0) at top
level:
Warning: Variable i is never used.
