; While compiling #'(:internal _SignExtend 3) at top level:
Warning: Variable i is never used.
; While compiling #'(:internal _SignExtend 2) at top level:
Warning: Variable i is never used.
; While compiling #'(:internal _SignExtend 1) at top level:
Warning: Variable i is never used.
; While compiling #'(:internal _SignExtend 0) at top level:
Warning: Variable i is never used.
; While compiling #'(:internal SignExtend! 3) at top level:
Warning: Variable i is never used.
; While compiling #'(:internal SignExtend! 2) at top level:
Warning: Variable i is never used.
; While compiling #'(:internal SignExtend! 1) at top level:
Warning: Variable i is never used.
; While compiling #'(:internal SignExtend! 0) at top level:
Warning: Variable i is never used.
; While compiling #'(:internal (:internal SignExtend 0) 3) at top level:
Warning: Variable i is never used.
; While compiling #'(:internal (:internal SignExtend 0) 2) at top level:
Warning: Variable i is never used.
; While compiling #'(:internal (:internal SignExtend 0) 1) at top level:
Warning: Variable i is never used.
; While compiling #'(:internal (:internal SignExtend 0) 0) at top level:
Warning: Variable i is never used.
; While compiling #'bv__^ at top level:
Warning: Variable N is never used.
; While compiling #'bv!^ at top level:
Warning: Variable N is never used.
; While compiling #'bv_^ at top level:
Warning: Variable N is never used.
