International Allegro CL Enterprise Edition
10.1 [64-bit Linux (x86-64) *SMP*] (May 15, 2018 2:40)
Copyright (C) 1985-2017, Franz Inc., Oakland, CA, USA.  All Rights Reserved.

This dynamic runtime copy of Allegro CL was built by:
   [TC21720] SRI International

;; Optimization settings: safety 1, space 1, speed 3, debug 1.
;; For a complete description of all compiler switches given the
;; current optimization settings evaluate (explain-compiler-settings).
;;---
;; Current reader case mode: :case-sensitive-lower

*** 
*** ARCH_MP_INIT_PERCPU_MAIN (17:55:24 5/10/2019)
*** Generated by proveit - ProofLite-6.0.10 (xx/xx/xx)
*** 
Context changed to ~/Desktop/pvs-alegro/pvs-7.0.639/Renee/RSL/presentation/mostimportantfilesforthisweek/rsl/
Parsing ARCH_MP_INIT_PERCPU_MAIN
ARCH_MP_INIT_PERCPU_MAIN parsed in 0.00 seconds
Typechecking ARCH_MP_INIT_PERCPU_MAIN
Restored theory from /home/ssrgv/Desktop/pvs-alegro/pvs-7.0.639/Renee/RSL/presentation/mostimportantfilesforthisweek/rsl/pvsbin/arm_state.bin in 0.07s (load part took 0.03s)
Restored theory from /home/ssrgv/Desktop/pvs-alegro/pvs-7.0.639/lib/bitvectors/pvsbin/bv_arith_nat.bin in 0.13s (load part took 0.03s)
Restored theory from /home/ssrgv/Desktop/pvs-alegro/pvs-7.0.639/lib/bitvectors/pvsbin/bv_adder.bin in 0.08s (load part took 0.01s)
Restored theory from /home/ssrgv/Desktop/pvs-alegro/pvs-7.0.639/lib/bitvectors/pvsbin/bv_concat.bin in 0.05s (load part took 0.00s)
Restored theory from /home/ssrgv/Desktop/pvs-alegro/pvs-7.0.639/lib/bitvectors/pvsbin/bv_rotate.bin in 0.06s (load part took 0.01s)
Restored theory from /home/ssrgv/Desktop/pvs-alegro/pvs-7.0.639/Renee/RSL/presentation/mostimportantfilesforthisweek/rsl/pvsbin/bt.bin in 0.00s (load part took 0.00s)
Restored theory from /home/ssrgv/Desktop/pvs-alegro/pvs-7.0.639/Renee/RSL/presentation/mostimportantfilesforthisweek/rsl/pvsbin/bts.bin in 0.01s (load part took 0.00s)
Restored theory from /home/ssrgv/Desktop/pvs-alegro/pvs-7.0.639/Renee/RSL/presentation/mostimportantfilesforthisweek/rsl/pvsbin/UInt.bin in 0.00s (load part took 0.00s)
Restored theory from /home/ssrgv/Desktop/pvs-alegro/pvs-7.0.639/Renee/RSL/presentation/mostimportantfilesforthisweek/rsl/pvsbin/AArch64_BranchAddr.bin in 0.05s (load part took 0.00s)
Restored theory from /home/ssrgv/Desktop/pvs-alegro/pvs-7.0.639/Renee/RSL/presentation/mostimportantfilesforthisweek/rsl/pvsbin/Basic_ASL_Types.bin in 0.23s (load part took 0.04s)
Restored theory from /home/ssrgv/Desktop/pvs-alegro/pvs-7.0.639/Renee/RSL/presentation/mostimportantfilesforthisweek/rsl/pvsbin/BranchTo.bin in 0.05s (load part took 0.00s)
Restored theory from /home/ssrgv/Desktop/pvs-alegro/pvs-7.0.639/Renee/RSL/presentation/mostimportantfilesforthisweek/rsl/pvsbin/AuthIB.bin in 0.00s (load part took 0.00s)
Restored theory from /home/ssrgv/Desktop/pvs-alegro/pvs-7.0.639/Renee/RSL/presentation/mostimportantfilesforthisweek/rsl/pvsbin/AuthIA.bin in 0.00s (load part took 0.00s)
Restored theory from /home/ssrgv/Desktop/pvs-alegro/pvs-7.0.639/Renee/RSL/presentation/mostimportantfilesforthisweek/rsl/pvsbin/field.bin in 0.01s (load part took 0.00s)
Restored theory from /home/ssrgv/Desktop/pvs-alegro/pvs-7.0.639/Renee/RSL/presentation/mostimportantfilesforthisweek/rsl/pvsbin/ZeroExtend.bin in 0.01s (load part took 0.00s)
Restored theory from /home/ssrgv/Desktop/pvs-alegro/pvs-7.0.639/Renee/RSL/presentation/mostimportantfilesforthisweek/rsl/pvsbin/LSR_C.bin in 0.07s (load part took 0.00s)
Restored theory from /home/ssrgv/Desktop/pvs-alegro/pvs-7.0.639/Renee/RSL/presentation/mostimportantfilesforthisweek/rsl/pvsbin/LSR.bin in 0.05s (load part took 0.00s)
Restored theory from /home/ssrgv/Desktop/pvs-alegro/pvs-7.0.639/Renee/RSL/presentation/mostimportantfilesforthisweek/rsl/pvsbin/Zeros.bin in 0.00s (load part took 0.00s)
Restored theory from /home/ssrgv/Desktop/pvs-alegro/pvs-7.0.639/Renee/RSL/presentation/mostimportantfilesforthisweek/rsl/pvsbin/LSL_C.bin in 0.06s (load part took 0.00s)
Restored theory from /home/ssrgv/Desktop/pvs-alegro/pvs-7.0.639/Renee/RSL/presentation/mostimportantfilesforthisweek/rsl/pvsbin/LSL.bin in 0.05s (load part took 0.00s)
Restored theory from /home/ssrgv/Desktop/pvs-alegro/pvs-7.0.639/Renee/RSL/presentation/mostimportantfilesforthisweek/rsl/pvsbin/ROR_C.bin in 0.06s (load part took 0.00s)
Restored theory from /home/ssrgv/Desktop/pvs-alegro/pvs-7.0.639/Renee/RSL/presentation/mostimportantfilesforthisweek/rsl/pvsbin/ROR.bin in 0.05s (load part took 0.00s)
Restored theory from /home/ssrgv/Desktop/pvs-alegro/pvs-7.0.639/Renee/RSL/presentation/mostimportantfilesforthisweek/rsl/pvsbin/SInt.bin in 0.01s (load part took 0.00s)
Restored theory from /home/ssrgv/Desktop/pvs-alegro/pvs-7.0.639/Renee/RSL/presentation/mostimportantfilesforthisweek/rsl/pvsbin/Replicate.bin in 0.01s (load part took 0.00s)
Restored theory from /home/ssrgv/Desktop/pvs-alegro/pvs-7.0.639/Renee/RSL/presentation/mostimportantfilesforthisweek/rsl/pvsbin/SignExtend.bin in 0.05s (load part took 0.00s)
Restored theory from /home/ssrgv/Desktop/pvs-alegro/pvs-7.0.639/Renee/RSL/presentation/mostimportantfilesforthisweek/rsl/pvsbin/ASR_C.bin in 0.06s (load part took 0.00s)
Restored theory from /home/ssrgv/Desktop/pvs-alegro/pvs-7.0.639/Renee/RSL/presentation/mostimportantfilesforthisweek/rsl/pvsbin/ASR.bin in 0.05s (load part took 0.00s)
Restored theory from /home/ssrgv/Desktop/pvs-alegro/pvs-7.0.639/Renee/RSL/presentation/mostimportantfilesforthisweek/rsl/pvsbin/ShiftReg.bin in 0.07s (load part took 0.01s)
Restored theory from /home/ssrgv/Desktop/pvs-alegro/pvs-7.0.639/Renee/RSL/presentation/mostimportantfilesforthisweek/rsl/pvsbin/DecodeShift.bin in 0.06s (load part took 0.00s)
Restored theory from /home/ssrgv/Desktop/pvs-alegro/pvs-7.0.639/Renee/RSL/presentation/mostimportantfilesforthisweek/rsl/pvsbin/Basic_ASL_Function.bin in 0.07s (load part took 0.01s)
Restored theory from /home/ssrgv/Desktop/pvs-alegro/pvs-7.0.639/Renee/RSL/presentation/mostimportantfilesforthisweek/rsl/pvsbin/b_uncond.bin in 0.09s (load part took 0.02s)
Restored theory from /home/ssrgv/Desktop/pvs-alegro/pvs-7.0.639/Renee/RSL/presentation/mostimportantfilesforthisweek/rsl/pvsbin/ARCH_MP_INIT_PERCPU_FFFFFFFF00007100.bin in 0.12s (load part took 0.02s)
Restored theory from /home/ssrgv/Desktop/pvs-alegro/pvs-7.0.639/Renee/RSL/presentation/mostimportantfilesforthisweek/rsl/pvsbin/br.bin in 0.15s (load part took 0.03s)
Restored theory from /home/ssrgv/Desktop/pvs-alegro/pvs-7.0.639/Renee/RSL/presentation/mostimportantfilesforthisweek/rsl/pvsbin/check_carry.bin in 0.07s (load part took 0.02s)
Restored theory from /home/ssrgv/Desktop/pvs-alegro/pvs-7.0.639/Renee/RSL/presentation/mostimportantfilesforthisweek/rsl/pvsbin/ldr_imm_gen.bin in 0.09s (load part took 0.01s);;; GC:;;; Finished GC

Restored theory from /home/ssrgv/Desktop/pvs-alegro/pvs-7.0.639/Renee/RSL/presentation/mostimportantfilesforthisweek/rsl/pvsbin/adrp.bin in 0.09s (load part took 0.01s)
call-next-method should have restored this (ARCH_MP_INIT_PERCPU_MAIN)
