; While compiling #'bv_concat_def__o at top level:
Warning: Variable n is never used.
; While compiling #'bv_concat_def!o at top level:
Warning: Variable n is never used.
; While compiling #'bv_concat_def_o at top level:
Warning: Variable n is never used.
; While compiling #'bv_caret__^ at top level:
Warning: Variable N is never used.
; While compiling #'bv_caret!^ at top level:
Warning: Variable N is never used.
; While compiling #'bv_caret_^ at top level:
Warning: Variable N is never used.
; While compiling #'_ROR_C at top level:
Warning: Variable m is never used.
; While compiling #'ROR_C! at top level:
Warning: Variable m is never used.
; While compiling #'(:internal ROR_C 0) at top level:
Warning: Variable m is never used.
; While compiling #'(:internal bv_arithmetic_defs__bv 0) at top level:
Warning: Variable i is never used.
; While compiling #'(:internal bv_arithmetic_defs!bv 0) at top level:
Warning: Variable i is never used.
; While compiling #'(:internal (:internal bv_arithmetic_defs_bv 0) 0)
at top level:
Warning: Variable i is never used.
